# JRE version: Java(TM) SE Runtime Environment (8.0_181-b13) (build 1.8.0_181-b13)
# Java VM: Java HotSpot(TM) 64-Bit Server VM (25.181-b13 mixed mode windows-amd64 compressed oops)
Heap:
 PSYoungGen      total 108544K, used 53972K [0x00000000e0700000, 0x00000000e7b00000, 0x0000000100000000)
  eden space 98304K, 54% used [0x00000000e0700000,0x00000000e3bb5378,0x00000000e6700000)
  from space 10240K, 0% used [0x00000000e7100000,0x00000000e7100000,0x00000000e7b00000)
  to   space 10240K, 0% used [0x00000000e6700000,0x00000000e6700000,0x00000000e7100000)
 ParOldGen       total 39424K, used 7077K [0x00000000a1400000, 0x00000000a3a80000, 0x00000000e0700000)
  object space 39424K, 17% used [0x00000000a1400000,0x00000000a1ae9530,0x00000000a3a80000)
 Metaspace       used 25745K, capacity 26658K, committed 26928K, reserved 1073152K
  class space    used 3366K, capacity 3581K, committed 3632K, reserved 1048576K
GC Heap History (10 events):
Event: 2.062 GC heap before
{Heap before GC invocations=3 (full 0):
 PSYoungGen      total 28672K, used 26636K [0x00000000e0700000, 0x00000000e3f00000, 0x0000000100000000)
  eden space 24576K, 100% used [0x00000000e0700000,0x00000000e1f00000,0x00000000e1f00000)
  from space 4096K, 50% used [0x00000000e2300000,0x00000000e2503000,0x00000000e2700000)
  to   space 4096K, 0% used [0x00000000e1f00000,0x00000000e1f00000,0x00000000e2300000)
 ParOldGen       total 65536K, used 24K [0x00000000a1400000, 0x00000000a5400000, 0x00000000e0700000)
  object space 65536K, 0% used [0x00000000a1400000,0x00000000a1406000,0x00000000a5400000)
 Metaspace       used 7437K, capacity 7564K, committed 7680K, reserved 1056768K
  class space    used 853K, capacity 910K, committed 1024K, reserved 1048576K
Event: 2.072 GC heap after
Heap after GC invocations=3 (full 0):
 PSYoungGen      total 28672K, used 4081K [0x00000000e0700000, 0x00000000e3f00000, 0x0000000100000000)
  eden space 24576K, 0% used [0x00000000e0700000,0x00000000e0700000,0x00000000e1f00000)
  from space 4096K, 99% used [0x00000000e1f00000,0x00000000e22fc4d8,0x00000000e2300000)
  to   space 4096K, 0% used [0x00000000e3b00000,0x00000000e3b00000,0x00000000e3f00000)
 ParOldGen       total 65536K, used 1705K [0x00000000a1400000, 0x00000000a5400000, 0x00000000e0700000)
  object space 65536K, 2% used [0x00000000a1400000,0x00000000a15aa550,0x00000000a5400000)
 Metaspace       used 7437K, capacity 7564K, committed 7680K, reserved 1056768K
  class space    used 853K, capacity 910K, committed 1024K, reserved 1048576K
}
Event: 2.388 GC heap before
{Heap before GC invocations=4 (full 0):
 PSYoungGen      total 28672K, used 28657K [0x00000000e0700000, 0x00000000e3f00000, 0x0000000100000000)
  eden space 24576K, 100% used [0x00000000e0700000,0x00000000e1f00000,0x00000000e1f00000)
  from space 4096K, 99% used [0x00000000e1f00000,0x00000000e22fc4d8,0x00000000e2300000)
  to   space 4096K, 0% used [0x00000000e3b00000,0x00000000e3b00000,0x00000000e3f00000)
 ParOldGen       total 65536K, used 1705K [0x00000000a1400000, 0x00000000a5400000, 0x00000000e0700000)
  object space 65536K, 2% used [0x00000000a1400000,0x00000000a15aa550,0x00000000a5400000)
 Metaspace       used 11144K, capacity 11398K, committed 11648K, reserved 1058816K
  class space    used 1294K, capacity 1366K, committed 1408K, reserved 1048576K
Event: 2.395 GC heap after
Heap after GC invocations=4 (full 0):
 PSYoungGen      total 53248K, used 4091K [0x00000000e0700000, 0x00000000e3f00000, 0x0000000100000000)
  eden space 49152K, 0% used [0x00000000e0700000,0x00000000e0700000,0x00000000e3700000)
  from space 4096K, 99% used [0x00000000e3b00000,0x00000000e3efec78,0x00000000e3f00000)
  to   space 4096K, 0% used [0x00000000e3700000,0x00000000e3700000,0x00000000e3b00000)
 ParOldGen       total 65536K, used 3393K [0x00000000a1400000, 0x00000000a5400000, 0x00000000e0700000)
  object space 65536K, 5% used [0x00000000a1400000,0x00000000a1750740,0x00000000a5400000)
 Metaspace       used 11144K, capacity 11398K, committed 11648K, reserved 1058816K
  class space    used 1294K, capacity 1366K, committed 1408K, reserved 1048576K
}
Event: 2.971 GC heap before
{Heap before GC invocations=5 (full 0):
 PSYoungGen      total 53248K, used 53243K [0x00000000e0700000, 0x00000000e3f00000, 0x0000000100000000)
  eden space 49152K, 100% used [0x00000000e0700000,0x00000000e3700000,0x00000000e3700000)
  from space 4096K, 99% used [0x00000000e3b00000,0x00000000e3efec78,0x00000000e3f00000)
  to   space 4096K, 0% used [0x00000000e3700000,0x00000000e3700000,0x00000000e3b00000)
 ParOldGen       total 65536K, used 3393K [0x00000000a1400000, 0x00000000a5400000, 0x00000000e0700000)
  object space 65536K, 5% used [0x00000000a1400000,0x00000000a1750740,0x00000000a5400000)
 Metaspace       used 16742K, capacity 17260K, committed 17408K, reserved 1064960K
  class space    used 2165K, capacity 2300K, committed 2304K, reserved 1048576K
Event: 2.988 GC heap after
Heap after GC invocations=5 (full 0):
 PSYoungGen      total 53248K, used 4082K [0x00000000e0700000, 0x00000000e7b00000, 0x0000000100000000)
  eden space 49152K, 0% used [0x00000000e0700000,0x00000000e0700000,0x00000000e3700000)
  from space 4096K, 99% used [0x00000000e3700000,0x00000000e3afc850,0x00000000e3b00000)
  to   space 10240K, 0% used [0x00000000e7100000,0x00000000e7100000,0x00000000e7b00000)
 ParOldGen       total 65536K, used 8120K [0x00000000a1400000, 0x00000000a5400000, 0x00000000e0700000)
  object space 65536K, 12% used [0x00000000a1400000,0x00000000a1bee218,0x00000000a5400000)
 Metaspace       used 16742K, capacity 17260K, committed 17408K, reserved 1064960K
  class space    used 2165K, capacity 2300K, committed 2304K, reserved 1048576K
}
Event: 3.254 GC heap before
{Heap before GC invocations=6 (full 0):
 PSYoungGen      total 53248K, used 27734K [0x00000000e0700000, 0x00000000e7b00000, 0x0000000100000000)
  eden space 49152K, 48% used [0x00000000e0700000,0x00000000e1e19120,0x00000000e3700000)
  from space 4096K, 99% used [0x00000000e3700000,0x00000000e3afc850,0x00000000e3b00000)
  to   space 10240K, 0% used [0x00000000e7100000,0x00000000e7100000,0x00000000e7b00000)
 ParOldGen       total 65536K, used 8120K [0x00000000a1400000, 0x00000000a5400000, 0x00000000e0700000)
  object space 65536K, 12% used [0x00000000a1400000,0x00000000a1bee218,0x00000000a5400000)
 Metaspace       used 20624K, capacity 21254K, committed 21296K, reserved 1067008K
  class space    used 2652K, capacity 2833K, committed 2864K, reserved 1048576K
Event: 3.264 GC heap after
Heap after GC invocations=6 (full 0):
 PSYoungGen      total 108544K, used 6733K [0x00000000e0700000, 0x00000000e7b00000, 0x0000000100000000)
  eden space 98304K, 0% used [0x00000000e0700000,0x00000000e0700000,0x00000000e6700000)
  from space 10240K, 65% used [0x00000000e7100000,0x00000000e7793598,0x00000000e7b00000)
  to   space 10240K, 0% used [0x00000000e6700000,0x00000000e6700000,0x00000000e7100000)
 ParOldGen       total 65536K, used 8120K [0x00000000a1400000, 0x00000000a5400000, 0x00000000e0700000)
  object space 65536K, 12% used [0x00000000a1400000,0x00000000a1bee218,0x00000000a5400000)
 Metaspace       used 20624K, capacity 21254K, committed 21296K, reserved 1067008K
  class space    used 2652K, capacity 2833K, committed 2864K, reserved 1048576K
}
Event: 3.264 GC heap before
{Heap before GC invocations=7 (full 1):
 PSYoungGen      total 108544K, used 6733K [0x00000000e0700000, 0x00000000e7b00000, 0x0000000100000000)
  eden space 98304K, 0% used [0x00000000e0700000,0x00000000e0700000,0x00000000e6700000)
  from space 10240K, 65% used [0x00000000e7100000,0x00000000e7793598,0x00000000e7b00000)
  to   space 10240K, 0% used [0x00000000e6700000,0x00000000e6700000,0x00000000e7100000)
 ParOldGen       total 65536K, used 8120K [0x00000000a1400000, 0x00000000a5400000, 0x00000000e0700000)
  object space 65536K, 12% used [0x00000000a1400000,0x00000000a1bee218,0x00000000a5400000)
 Metaspace       used 20624K, capacity 21254K, committed 21296K, reserved 1067008K
  class space    used 2652K, capacity 2833K, committed 2864K, reserved 1048576K
Event: 3.293 GC heap after
Heap after GC invocations=7 (full 1):
 PSYoungGen      total 108544K, used 0K [0x00000000e0700000, 0x00000000e7b00000, 0x0000000100000000)
  eden space 98304K, 0% used [0x00000000e0700000,0x00000000e0700000,0x00000000e6700000)
  from space 10240K, 0% used [0x00000000e7100000,0x00000000e7100000,0x00000000e7b00000)
  to   space 10240K, 0% used [0x00000000e6700000,0x00000000e6700000,0x00000000e7100000)
 ParOldGen       total 39424K, used 7077K [0x00000000a1400000, 0x00000000a3a80000, 0x00000000e0700000)
  object space 39424K, 17% used [0x00000000a1400000,0x00000000a1ae9530,0x00000000a3a80000)
 Metaspace       used 20624K, capacity 21254K, committed 21296K, reserved 1067008K
  class space    used 2652K, capacity 2833K, committed 2864K, reserved 1048576K
}

