# JRE version: Java(TM) SE Runtime Environment (8.0_181-b13) (build 1.8.0_181-b13)
# Java VM: Java HotSpot(TM) 64-Bit Server VM (25.181-b13 mixed mode windows-amd64 compressed oops)
Heap:
 PSYoungGen      total 93184K, used 42925K [0x00000000e0700000, 0x00000000e6e00000, 0x0000000100000000)
  eden space 84992K, 50% used [0x00000000e0700000,0x00000000e30eb498,0x00000000e5a00000)
  from space 8192K, 0% used [0x00000000e6600000,0x00000000e6600000,0x00000000e6e00000)
  to   space 10240K, 0% used [0x00000000e5a00000,0x00000000e5a00000,0x00000000e6400000)
 ParOldGen       total 44544K, used 18371K [0x00000000a1400000, 0x00000000a3f80000, 0x00000000e0700000)
  object space 44544K, 41% used [0x00000000a1400000,0x00000000a25f0e18,0x00000000a3f80000)
 Metaspace       used 47642K, capacity 49790K, committed 50176K, reserved 1093632K
  class space    used 6629K, capacity 7059K, committed 7168K, reserved 1048576K
GC Heap History (10 events):
Event: 5.222 GC heap before
{Heap before GC invocations=14 (full 2):
 PSYoungGen      total 93184K, used 1976K [0x00000000e0700000, 0x00000000e6e00000, 0x0000000100000000)
  eden space 84992K, 0% used [0x00000000e0700000,0x00000000e0700000,0x00000000e5a00000)
  from space 8192K, 24% used [0x00000000e6600000,0x00000000e67ee248,0x00000000e6e00000)
  to   space 10240K, 0% used [0x00000000e5a00000,0x00000000e5a00000,0x00000000e6400000)
 ParOldGen       total 44544K, used 22230K [0x00000000a1400000, 0x00000000a3f80000, 0x00000000e0700000)
  object space 44544K, 49% used [0x00000000a1400000,0x00000000a29b59e0,0x00000000a3f80000)
 Metaspace       used 33597K, capacity 35452K, committed 35496K, reserved 1079296K
  class space    used 4484K, capacity 4851K, committed 4864K, reserved 1048576K
Event: 5.294 GC heap after
Heap after GC invocations=14 (full 2):
 PSYoungGen      total 93184K, used 0K [0x00000000e0700000, 0x00000000e6e00000, 0x0000000100000000)
  eden space 84992K, 0% used [0x00000000e0700000,0x00000000e0700000,0x00000000e5a00000)
  from space 8192K, 0% used [0x00000000e6600000,0x00000000e6600000,0x00000000e6e00000)
  to   space 10240K, 0% used [0x00000000e5a00000,0x00000000e5a00000,0x00000000e6400000)
 ParOldGen       total 44544K, used 17113K [0x00000000a1400000, 0x00000000a3f80000, 0x00000000e0700000)
  object space 44544K, 38% used [0x00000000a1400000,0x00000000a24b6668,0x00000000a3f80000)
 Metaspace       used 33597K, capacity 35452K, committed 35496K, reserved 1079296K
  class space    used 4484K, capacity 4851K, committed 4864K, reserved 1048576K
}
Event: 6.426 GC heap before
{Heap before GC invocations=15 (full 2):
 PSYoungGen      total 93184K, used 70801K [0x00000000e0700000, 0x00000000e6e00000, 0x0000000100000000)
  eden space 84992K, 83% used [0x00000000e0700000,0x00000000e4c246b0,0x00000000e5a00000)
  from space 8192K, 0% used [0x00000000e6600000,0x00000000e6600000,0x00000000e6e00000)
  to   space 10240K, 0% used [0x00000000e5a00000,0x00000000e5a00000,0x00000000e6400000)
 ParOldGen       total 44544K, used 17113K [0x00000000a1400000, 0x00000000a3f80000, 0x00000000e0700000)
  object space 44544K, 38% used [0x00000000a1400000,0x00000000a24b6668,0x00000000a3f80000)
 Metaspace       used 42759K, capacity 44688K, committed 44928K, reserved 1091584K
  class space    used 5831K, capacity 6209K, committed 6272K, reserved 1048576K
Event: 6.435 GC heap after
Heap after GC invocations=15 (full 2):
 PSYoungGen      total 95232K, used 9683K [0x00000000e0700000, 0x00000000e6e00000, 0x0000000100000000)
  eden space 84992K, 0% used [0x00000000e0700000,0x00000000e0700000,0x00000000e5a00000)
  from space 10240K, 94% used [0x00000000e5a00000,0x00000000e6374fe0,0x00000000e6400000)
  to   space 8192K, 0% used [0x00000000e6600000,0x00000000e6600000,0x00000000e6e00000)
 ParOldGen       total 44544K, used 17121K [0x00000000a1400000, 0x00000000a3f80000, 0x00000000e0700000)
  object space 44544K, 38% used [0x00000000a1400000,0x00000000a24b8668,0x00000000a3f80000)
 Metaspace       used 42759K, capacity 44688K, committed 44928K, reserved 1091584K
  class space    used 5831K, capacity 6209K, committed 6272K, reserved 1048576K
}
Event: 6.435 GC heap before
{Heap before GC invocations=16 (full 3):
 PSYoungGen      total 95232K, used 9683K [0x00000000e0700000, 0x00000000e6e00000, 0x0000000100000000)
  eden space 84992K, 0% used [0x00000000e0700000,0x00000000e0700000,0x00000000e5a00000)
  from space 10240K, 94% used [0x00000000e5a00000,0x00000000e6374fe0,0x00000000e6400000)
  to   space 8192K, 0% used [0x00000000e6600000,0x00000000e6600000,0x00000000e6e00000)
 ParOldGen       total 44544K, used 17121K [0x00000000a1400000, 0x00000000a3f80000, 0x00000000e0700000)
  object space 44544K, 38% used [0x00000000a1400000,0x00000000a24b8668,0x00000000a3f80000)
 Metaspace       used 42759K, capacity 44688K, committed 44928K, reserved 1091584K
  class space    used 5831K, capacity 6209K, committed 6272K, reserved 1048576K
Event: 6.618 GC heap after
Heap after GC invocations=16 (full 3):
 PSYoungGen      total 95232K, used 0K [0x00000000e0700000, 0x00000000e6e00000, 0x0000000100000000)
  eden space 84992K, 0% used [0x00000000e0700000,0x00000000e0700000,0x00000000e5a00000)
  from space 10240K, 0% used [0x00000000e5a00000,0x00000000e5a00000,0x00000000e6400000)
  to   space 8192K, 0% used [0x00000000e6600000,0x00000000e6600000,0x00000000e6e00000)
 ParOldGen       total 44544K, used 25014K [0x00000000a1400000, 0x00000000a3f80000, 0x00000000e0700000)
  object space 44544K, 56% used [0x00000000a1400000,0x00000000a2c6db08,0x00000000a3f80000)
 Metaspace       used 42759K, capacity 44688K, committed 44928K, reserved 1089536K
  class space    used 5831K, capacity 6209K, committed 6272K, reserved 1048576K
}
Event: 6.657 GC heap before
{Heap before GC invocations=17 (full 3):
 PSYoungGen      total 95232K, used 3846K [0x00000000e0700000, 0x00000000e6e00000, 0x0000000100000000)
  eden space 84992K, 4% used [0x00000000e0700000,0x00000000e0ac1b50,0x00000000e5a00000)
  from space 10240K, 0% used [0x00000000e5a00000,0x00000000e5a00000,0x00000000e6400000)
  to   space 8192K, 0% used [0x00000000e6600000,0x00000000e6600000,0x00000000e6e00000)
 ParOldGen       total 44544K, used 25014K [0x00000000a1400000, 0x00000000a3f80000, 0x00000000e0700000)
  object space 44544K, 56% used [0x00000000a1400000,0x00000000a2c6db08,0x00000000a3f80000)
 Metaspace       used 43258K, capacity 45176K, committed 45440K, reserved 1095680K
  class space    used 5880K, capacity 6243K, committed 6272K, reserved 1048576K
Event: 6.661 GC heap after
Heap after GC invocations=17 (full 3):
 PSYoungGen      total 93184K, used 351K [0x00000000e0700000, 0x00000000e6e00000, 0x0000000100000000)
  eden space 84992K, 0% used [0x00000000e0700000,0x00000000e0700000,0x00000000e5a00000)
  from space 8192K, 4% used [0x00000000e6600000,0x00000000e6657f10,0x00000000e6e00000)
  to   space 10240K, 0% used [0x00000000e5a00000,0x00000000e5a00000,0x00000000e6400000)
 ParOldGen       total 44544K, used 25014K [0x00000000a1400000, 0x00000000a3f80000, 0x00000000e0700000)
  object space 44544K, 56% used [0x00000000a1400000,0x00000000a2c6db08,0x00000000a3f80000)
 Metaspace       used 43258K, capacity 45176K, committed 45440K, reserved 1095680K
  class space    used 5880K, capacity 6243K, committed 6272K, reserved 1048576K
}
Event: 6.661 GC heap before
{Heap before GC invocations=18 (full 4):
 PSYoungGen      total 93184K, used 351K [0x00000000e0700000, 0x00000000e6e00000, 0x0000000100000000)
  eden space 84992K, 0% used [0x00000000e0700000,0x00000000e0700000,0x00000000e5a00000)
  from space 8192K, 4% used [0x00000000e6600000,0x00000000e6657f10,0x00000000e6e00000)
  to   space 10240K, 0% used [0x00000000e5a00000,0x00000000e5a00000,0x00000000e6400000)
 ParOldGen       total 44544K, used 25014K [0x00000000a1400000, 0x00000000a3f80000, 0x00000000e0700000)
  object space 44544K, 56% used [0x00000000a1400000,0x00000000a2c6db08,0x00000000a3f80000)
 Metaspace       used 43258K, capacity 45176K, committed 45440K, reserved 1095680K
  class space    used 5880K, capacity 6243K, committed 6272K, reserved 1048576K
Event: 6.706 GC heap after
Heap after GC invocations=18 (full 4):
 PSYoungGen      total 93184K, used 0K [0x00000000e0700000, 0x00000000e6e00000, 0x0000000100000000)
  eden space 84992K, 0% used [0x00000000e0700000,0x00000000e0700000,0x00000000e5a00000)
  from space 8192K, 0% used [0x00000000e6600000,0x00000000e6600000,0x00000000e6e00000)
  to   space 10240K, 0% used [0x00000000e5a00000,0x00000000e5a00000,0x00000000e6400000)
 ParOldGen       total 44544K, used 18371K [0x00000000a1400000, 0x00000000a3f80000, 0x00000000e0700000)
  object space 44544K, 41% used [0x00000000a1400000,0x00000000a25f0e18,0x00000000a3f80000)
 Metaspace       used 43258K, capacity 45176K, committed 45440K, reserved 1091584K
  class space    used 5880K, capacity 6243K, committed 6272K, reserved 1048576K
}

