# JRE version: Java(TM) SE Runtime Environment (8.0_181-b13) (build 1.8.0_181-b13)
# Java VM: Java HotSpot(TM) 64-Bit Server VM (25.181-b13 mixed mode windows-amd64 compressed oops)
Heap:
 PSYoungGen      total 168960K, used 19320K [0x00000000e0700000, 0x00000000eeb00000, 0x0000000100000000)
  eden space 158208K, 12% used [0x00000000e0700000,0x00000000e19de1a8,0x00000000ea180000)
  from space 10752K, 0% used [0x00000000ea180000,0x00000000ea180000,0x00000000eac00000)
  to   space 11776K, 0% used [0x00000000edf80000,0x00000000edf80000,0x00000000eeb00000)
 ParOldGen       total 41984K, used 13284K [0x00000000a1400000, 0x00000000a3d00000, 0x00000000e0700000)
  object space 41984K, 31% used [0x00000000a1400000,0x00000000a20f93b8,0x00000000a3d00000)
 Metaspace       used 36202K, capacity 38015K, committed 38312K, reserved 1083392K
  class space    used 4643K, capacity 4981K, committed 5032K, reserved 1048576K
GC Heap History (10 events):
Event: 2.280 GC heap before
{Heap before GC invocations=7 (full 1):
 PSYoungGen      total 105984K, used 6713K [0x00000000e0700000, 0x00000000e7a00000, 0x0000000100000000)
  eden space 97280K, 0% used [0x00000000e0700000,0x00000000e0700000,0x00000000e6600000)
  from space 8704K, 77% used [0x00000000e6f80000,0x00000000e760e4b0,0x00000000e7800000)
  to   space 9728K, 0% used [0x00000000e6600000,0x00000000e6600000,0x00000000e6f80000)
 ParOldGen       total 65536K, used 5077K [0x00000000a1400000, 0x00000000a5400000, 0x00000000e0700000)
  object space 65536K, 7% used [0x00000000a1400000,0x00000000a18f5620,0x00000000a5400000)
 Metaspace       used 20571K, capacity 21253K, committed 21296K, reserved 1067008K
  class space    used 2670K, capacity 2864K, committed 2864K, reserved 1048576K
Event: 2.329 GC heap after
Heap after GC invocations=7 (full 1):
 PSYoungGen      total 105984K, used 0K [0x00000000e0700000, 0x00000000e7a00000, 0x0000000100000000)
  eden space 97280K, 0% used [0x00000000e0700000,0x00000000e0700000,0x00000000e6600000)
  from space 8704K, 0% used [0x00000000e6f80000,0x00000000e6f80000,0x00000000e7800000)
  to   space 9728K, 0% used [0x00000000e6600000,0x00000000e6600000,0x00000000e6f80000)
 ParOldGen       total 41984K, used 6998K [0x00000000a1400000, 0x00000000a3d00000, 0x00000000e0700000)
  object space 41984K, 16% used [0x00000000a1400000,0x00000000a1ad5978,0x00000000a3d00000)
 Metaspace       used 20569K, capacity 21247K, committed 21296K, reserved 1067008K
  class space    used 2669K, capacity 2863K, committed 2864K, reserved 1048576K
}
Event: 3.787 GC heap before
{Heap before GC invocations=8 (full 1):
 PSYoungGen      total 105984K, used 97280K [0x00000000e0700000, 0x00000000e7a00000, 0x0000000100000000)
  eden space 97280K, 100% used [0x00000000e0700000,0x00000000e6600000,0x00000000e6600000)
  from space 8704K, 0% used [0x00000000e6f80000,0x00000000e6f80000,0x00000000e7800000)
  to   space 9728K, 0% used [0x00000000e6600000,0x00000000e6600000,0x00000000e6f80000)
 ParOldGen       total 41984K, used 6998K [0x00000000a1400000, 0x00000000a3d00000, 0x00000000e0700000)
  object space 41984K, 16% used [0x00000000a1400000,0x00000000a1ad5978,0x00000000a3d00000)
 Metaspace       used 23559K, capacity 24475K, committed 24624K, reserved 1071104K
  class space    used 3041K, capacity 3264K, committed 3376K, reserved 1048576K
Event: 3.798 GC heap after
Heap after GC invocations=8 (full 1):
 PSYoungGen      total 107008K, used 5595K [0x00000000e0700000, 0x00000000eb680000, 0x0000000100000000)
  eden space 97280K, 0% used [0x00000000e0700000,0x00000000e0700000,0x00000000e6600000)
  from space 9728K, 57% used [0x00000000e6600000,0x00000000e6b76d10,0x00000000e6f80000)
  to   space 9216K, 0% used [0x00000000ead80000,0x00000000ead80000,0x00000000eb680000)
 ParOldGen       total 41984K, used 7006K [0x00000000a1400000, 0x00000000a3d00000, 0x00000000e0700000)
  object space 41984K, 16% used [0x00000000a1400000,0x00000000a1ad7978,0x00000000a3d00000)
 Metaspace       used 23559K, capacity 24475K, committed 24624K, reserved 1071104K
  class space    used 3041K, capacity 3264K, committed 3376K, reserved 1048576K
}
Event: 4.938 GC heap before
{Heap before GC invocations=9 (full 1):
 PSYoungGen      total 107008K, used 102832K [0x00000000e0700000, 0x00000000eb680000, 0x0000000100000000)
  eden space 97280K, 99% used [0x00000000e0700000,0x00000000e65f5438,0x00000000e6600000)
  from space 9728K, 57% used [0x00000000e6600000,0x00000000e6b76d10,0x00000000e6f80000)
  to   space 9216K, 0% used [0x00000000ead80000,0x00000000ead80000,0x00000000eb680000)
 ParOldGen       total 41984K, used 7006K [0x00000000a1400000, 0x00000000a3d00000, 0x00000000e0700000)
  object space 41984K, 16% used [0x00000000a1400000,0x00000000a1ad7978,0x00000000a3d00000)
 Metaspace       used 29939K, capacity 31659K, committed 31920K, reserved 1077248K
  class space    used 3938K, capacity 4269K, committed 4272K, reserved 1048576K
Event: 4.951 GC heap after
Heap after GC invocations=9 (full 1):
 PSYoungGen      total 165888K, used 9190K [0x00000000e0700000, 0x00000000eb680000, 0x0000000100000000)
  eden space 156672K, 0% used [0x00000000e0700000,0x00000000e0700000,0x00000000ea000000)
  from space 9216K, 99% used [0x00000000ead80000,0x00000000eb679bc0,0x00000000eb680000)
  to   space 10752K, 0% used [0x00000000ea180000,0x00000000ea180000,0x00000000eac00000)
 ParOldGen       total 41984K, used 7723K [0x00000000a1400000, 0x00000000a3d00000, 0x00000000e0700000)
  object space 41984K, 18% used [0x00000000a1400000,0x00000000a1b8ae98,0x00000000a3d00000)
 Metaspace       used 29939K, capacity 31659K, committed 31920K, reserved 1077248K
  class space    used 3938K, capacity 4269K, committed 4272K, reserved 1048576K
}
Event: 5.847 GC heap before
{Heap before GC invocations=10 (full 1):
 PSYoungGen      total 165888K, used 76387K [0x00000000e0700000, 0x00000000eb680000, 0x0000000100000000)
  eden space 156672K, 42% used [0x00000000e0700000,0x00000000e489f3b8,0x00000000ea000000)
  from space 9216K, 99% used [0x00000000ead80000,0x00000000eb679bc0,0x00000000eb680000)
  to   space 10752K, 0% used [0x00000000ea180000,0x00000000ea180000,0x00000000eac00000)
 ParOldGen       total 41984K, used 7723K [0x00000000a1400000, 0x00000000a3d00000, 0x00000000e0700000)
  object space 41984K, 18% used [0x00000000a1400000,0x00000000a1b8ae98,0x00000000a3d00000)
 Metaspace       used 33671K, capacity 35391K, committed 35496K, reserved 1079296K
  class space    used 4350K, capacity 4673K, committed 4776K, reserved 1048576K
Event: 5.857 GC heap after
Heap after GC invocations=10 (full 1):
 PSYoungGen      total 168960K, used 9562K [0x00000000e0700000, 0x00000000eeb00000, 0x0000000100000000)
  eden space 158208K, 0% used [0x00000000e0700000,0x00000000e0700000,0x00000000ea180000)
  from space 10752K, 88% used [0x00000000ea180000,0x00000000eaad6a30,0x00000000eac00000)
  to   space 11776K, 0% used [0x00000000edf80000,0x00000000edf80000,0x00000000eeb00000)
 ParOldGen       total 41984K, used 7731K [0x00000000a1400000, 0x00000000a3d00000, 0x00000000e0700000)
  object space 41984K, 18% used [0x00000000a1400000,0x00000000a1b8ce98,0x00000000a3d00000)
 Metaspace       used 33671K, capacity 35391K, committed 35496K, reserved 1079296K
  class space    used 4350K, capacity 4673K, committed 4776K, reserved 1048576K
}
Event: 5.857 GC heap before
{Heap before GC invocations=11 (full 2):
 PSYoungGen      total 168960K, used 9562K [0x00000000e0700000, 0x00000000eeb00000, 0x0000000100000000)
  eden space 158208K, 0% used [0x00000000e0700000,0x00000000e0700000,0x00000000ea180000)
  from space 10752K, 88% used [0x00000000ea180000,0x00000000eaad6a30,0x00000000eac00000)
  to   space 11776K, 0% used [0x00000000edf80000,0x00000000edf80000,0x00000000eeb00000)
 ParOldGen       total 41984K, used 7731K [0x00000000a1400000, 0x00000000a3d00000, 0x00000000e0700000)
  object space 41984K, 18% used [0x00000000a1400000,0x00000000a1b8ce98,0x00000000a3d00000)
 Metaspace       used 33671K, capacity 35391K, committed 35496K, reserved 1079296K
  class space    used 4350K, capacity 4673K, committed 4776K, reserved 1048576K
Event: 5.922 GC heap after
Heap after GC invocations=11 (full 2):
 PSYoungGen      total 168960K, used 0K [0x00000000e0700000, 0x00000000eeb00000, 0x0000000100000000)
  eden space 158208K, 0% used [0x00000000e0700000,0x00000000e0700000,0x00000000ea180000)
  from space 10752K, 0% used [0x00000000ea180000,0x00000000ea180000,0x00000000eac00000)
  to   space 11776K, 0% used [0x00000000edf80000,0x00000000edf80000,0x00000000eeb00000)
 ParOldGen       total 41984K, used 13284K [0x00000000a1400000, 0x00000000a3d00000, 0x00000000e0700000)
  object space 41984K, 31% used [0x00000000a1400000,0x00000000a20f93b8,0x00000000a3d00000)
 Metaspace       used 33671K, capacity 35391K, committed 35496K, reserved 1079296K
  class space    used 4350K, capacity 4673K, committed 4776K, reserved 1048576K
}

