# JRE version: Java(TM) SE Runtime Environment (8.0_181-b13) (build 1.8.0_181-b13)
# Java VM: Java HotSpot(TM) 64-Bit Server VM (25.181-b13 mixed mode windows-amd64 compressed oops)
Heap:
 PSYoungGen      total 46592K, used 18815K [0x00000000e0700000, 0x00000000e5e80000, 0x0000000100000000)
  eden space 42496K, 34% used [0x00000000e0700000,0x00000000e15656c8,0x00000000e3080000)
  from space 4096K, 99% used [0x00000000e3b00000,0x00000000e3efa628,0x00000000e3f00000)
  to   space 10752K, 0% used [0x00000000e3080000,0x00000000e3080000,0x00000000e3b00000)
 ParOldGen       total 45056K, used 16211K [0x00000000a1400000, 0x00000000a4000000, 0x00000000e0700000)
  object space 45056K, 35% used [0x00000000a1400000,0x00000000a23d4e70,0x00000000a4000000)
 Metaspace       used 33267K, capacity 35100K, committed 35248K, reserved 1079296K
  class space    used 4406K, capacity 4765K, committed 4784K, reserved 1048576K
GC Heap History (10 events):
Event: 2.517 GC heap before
{Heap before GC invocations=7 (full 1):
 PSYoungGen      total 53248K, used 4076K [0x00000000e0700000, 0x00000000e3f00000, 0x0000000100000000)
  eden space 49152K, 0% used [0x00000000e0700000,0x00000000e0700000,0x00000000e3700000)
  from space 4096K, 99% used [0x00000000e3b00000,0x00000000e3efb078,0x00000000e3f00000)
  to   space 4096K, 0% used [0x00000000e3700000,0x00000000e3700000,0x00000000e3b00000)
 ParOldGen       total 65536K, used 11033K [0x00000000a1400000, 0x00000000a5400000, 0x00000000e0700000)
  object space 65536K, 16% used [0x00000000a1400000,0x00000000a1ec6588,0x00000000a5400000)
 Metaspace       used 20639K, capacity 21264K, committed 21296K, reserved 1067008K
  class space    used 2659K, capacity 2836K, committed 2864K, reserved 1048576K
Event: 2.559 GC heap after
Heap after GC invocations=7 (full 1):
 PSYoungGen      total 53248K, used 0K [0x00000000e0700000, 0x00000000e3f00000, 0x0000000100000000)
  eden space 49152K, 0% used [0x00000000e0700000,0x00000000e0700000,0x00000000e3700000)
  from space 4096K, 0% used [0x00000000e3b00000,0x00000000e3b00000,0x00000000e3f00000)
  to   space 4096K, 0% used [0x00000000e3700000,0x00000000e3700000,0x00000000e3b00000)
 ParOldGen       total 45056K, used 9363K [0x00000000a1400000, 0x00000000a4000000, 0x00000000e0700000)
  object space 45056K, 20% used [0x00000000a1400000,0x00000000a1d24ca8,0x00000000a4000000)
 Metaspace       used 20639K, capacity 21264K, committed 21296K, reserved 1067008K
  class space    used 2659K, capacity 2836K, committed 2864K, reserved 1048576K
}
Event: 3.690 GC heap before
{Heap before GC invocations=8 (full 1):
 PSYoungGen      total 53248K, used 49150K [0x00000000e0700000, 0x00000000e3f00000, 0x0000000100000000)
  eden space 49152K, 99% used [0x00000000e0700000,0x00000000e36ff918,0x00000000e3700000)
  from space 4096K, 0% used [0x00000000e3b00000,0x00000000e3b00000,0x00000000e3f00000)
  to   space 4096K, 0% used [0x00000000e3700000,0x00000000e3700000,0x00000000e3b00000)
 ParOldGen       total 45056K, used 9363K [0x00000000a1400000, 0x00000000a4000000, 0x00000000e0700000)
  object space 45056K, 20% used [0x00000000a1400000,0x00000000a1d24ca8,0x00000000a4000000)
 Metaspace       used 24746K, capacity 25674K, committed 25776K, reserved 1071104K
  class space    used 3240K, capacity 3435K, committed 3504K, reserved 1048576K
Event: 3.701 GC heap after
Heap after GC invocations=8 (full 1):
 PSYoungGen      total 53248K, used 4080K [0x00000000e0700000, 0x00000000e3f00000, 0x0000000100000000)
  eden space 49152K, 0% used [0x00000000e0700000,0x00000000e0700000,0x00000000e3700000)
  from space 4096K, 99% used [0x00000000e3700000,0x00000000e3afc2f0,0x00000000e3b00000)
  to   space 4096K, 0% used [0x00000000e3b00000,0x00000000e3b00000,0x00000000e3f00000)
 ParOldGen       total 45056K, used 9371K [0x00000000a1400000, 0x00000000a4000000, 0x00000000e0700000)
  object space 45056K, 20% used [0x00000000a1400000,0x00000000a1d26ca8,0x00000000a4000000)
 Metaspace       used 24746K, capacity 25674K, committed 25776K, reserved 1071104K
  class space    used 3240K, capacity 3435K, committed 3504K, reserved 1048576K
}
Event: 4.164 GC heap before
{Heap before GC invocations=9 (full 1):
 PSYoungGen      total 53248K, used 53232K [0x00000000e0700000, 0x00000000e3f00000, 0x0000000100000000)
  eden space 49152K, 100% used [0x00000000e0700000,0x00000000e3700000,0x00000000e3700000)
  from space 4096K, 99% used [0x00000000e3700000,0x00000000e3afc2f0,0x00000000e3b00000)
  to   space 4096K, 0% used [0x00000000e3b00000,0x00000000e3b00000,0x00000000e3f00000)
 ParOldGen       total 45056K, used 9371K [0x00000000a1400000, 0x00000000a4000000, 0x00000000e0700000)
  object space 45056K, 20% used [0x00000000a1400000,0x00000000a1d26ca8,0x00000000a4000000)
 Metaspace       used 27139K, capacity 28180K, committed 28464K, reserved 1073152K
  class space    used 3538K, capacity 3796K, committed 3888K, reserved 1048576K
Event: 4.174 GC heap after
Heap after GC invocations=9 (full 1):
 PSYoungGen      total 53248K, used 4092K [0x00000000e0700000, 0x00000000e3f00000, 0x0000000100000000)
  eden space 49152K, 0% used [0x00000000e0700000,0x00000000e0700000,0x00000000e3700000)
  from space 4096K, 99% used [0x00000000e3b00000,0x00000000e3eff040,0x00000000e3f00000)
  to   space 4096K, 0% used [0x00000000e3700000,0x00000000e3700000,0x00000000e3b00000)
 ParOldGen       total 45056K, used 9379K [0x00000000a1400000, 0x00000000a4000000, 0x00000000e0700000)
  object space 45056K, 20% used [0x00000000a1400000,0x00000000a1d28ca8,0x00000000a4000000)
 Metaspace       used 27139K, capacity 28180K, committed 28464K, reserved 1073152K
  class space    used 3538K, capacity 3796K, committed 3888K, reserved 1048576K
}
Event: 4.875 GC heap before
{Heap before GC invocations=10 (full 1):
 PSYoungGen      total 53248K, used 53244K [0x00000000e0700000, 0x00000000e3f00000, 0x0000000100000000)
  eden space 49152K, 100% used [0x00000000e0700000,0x00000000e3700000,0x00000000e3700000)
  from space 4096K, 99% used [0x00000000e3b00000,0x00000000e3eff040,0x00000000e3f00000)
  to   space 4096K, 0% used [0x00000000e3700000,0x00000000e3700000,0x00000000e3b00000)
 ParOldGen       total 45056K, used 9379K [0x00000000a1400000, 0x00000000a4000000, 0x00000000e0700000)
  object space 45056K, 20% used [0x00000000a1400000,0x00000000a1d28ca8,0x00000000a4000000)
 Metaspace       used 28693K, capacity 29820K, committed 29872K, reserved 1075200K
  class space    used 3737K, capacity 3986K, committed 4016K, reserved 1048576K
Event: 4.886 GC heap after
Heap after GC invocations=10 (full 1):
 PSYoungGen      total 53248K, used 4069K [0x00000000e0700000, 0x00000000e3f00000, 0x0000000100000000)
  eden space 49152K, 0% used [0x00000000e0700000,0x00000000e0700000,0x00000000e3700000)
  from space 4096K, 99% used [0x00000000e3700000,0x00000000e3af9698,0x00000000e3b00000)
  to   space 4096K, 0% used [0x00000000e3b00000,0x00000000e3b00000,0x00000000e3f00000)
 ParOldGen       total 45056K, used 11718K [0x00000000a1400000, 0x00000000a4000000, 0x00000000e0700000)
  object space 45056K, 26% used [0x00000000a1400000,0x00000000a1f71870,0x00000000a4000000)
 Metaspace       used 28693K, capacity 29820K, committed 29872K, reserved 1075200K
  class space    used 3737K, capacity 3986K, committed 4016K, reserved 1048576K
}
Event: 5.716 GC heap before
{Heap before GC invocations=11 (full 1):
 PSYoungGen      total 53248K, used 53221K [0x00000000e0700000, 0x00000000e3f00000, 0x0000000100000000)
  eden space 49152K, 100% used [0x00000000e0700000,0x00000000e3700000,0x00000000e3700000)
  from space 4096K, 99% used [0x00000000e3700000,0x00000000e3af9698,0x00000000e3b00000)
  to   space 4096K, 0% used [0x00000000e3b00000,0x00000000e3b00000,0x00000000e3f00000)
 ParOldGen       total 45056K, used 11718K [0x00000000a1400000, 0x00000000a4000000, 0x00000000e0700000)
  object space 45056K, 26% used [0x00000000a1400000,0x00000000a1f71870,0x00000000a4000000)
 Metaspace       used 32161K, capacity 33590K, committed 33712K, reserved 1079296K
  class space    used 4211K, capacity 4494K, committed 4528K, reserved 1048576K
Event: 5.726 GC heap after
Heap after GC invocations=11 (full 1):
 PSYoungGen      total 46592K, used 4073K [0x00000000e0700000, 0x00000000e5e80000, 0x0000000100000000)
  eden space 42496K, 0% used [0x00000000e0700000,0x00000000e0700000,0x00000000e3080000)
  from space 4096K, 99% used [0x00000000e3b00000,0x00000000e3efa628,0x00000000e3f00000)
  to   space 10752K, 0% used [0x00000000e3080000,0x00000000e3080000,0x00000000e3b00000)
 ParOldGen       total 45056K, used 16211K [0x00000000a1400000, 0x00000000a4000000, 0x00000000e0700000)
  object space 45056K, 35% used [0x00000000a1400000,0x00000000a23d4e70,0x00000000a4000000)
 Metaspace       used 32161K, capacity 33590K, committed 33712K, reserved 1079296K
  class space    used 4211K, capacity 4494K, committed 4528K, reserved 1048576K
}

