# JRE version: Java(TM) SE Runtime Environment (8.0_181-b13) (build 1.8.0_181-b13)
# Java VM: Java HotSpot(TM) 64-Bit Server VM (25.181-b13 mixed mode windows-amd64 compressed oops)
Heap:
 PSYoungGen      total 108032K, used 23148K [0x00000000e0700000, 0x00000000e7b00000, 0x0000000100000000)
  eden space 97792K, 16% used [0x00000000e0700000,0x00000000e1680e38,0x00000000e6680000)
  from space 10240K, 71% used [0x00000000e6680000,0x00000000e6d9a3d8,0x00000000e7080000)
  to   space 9728K, 0% used [0x00000000e7080000,0x00000000e7080000,0x00000000e7a00000)
 ParOldGen       total 46592K, used 9405K [0x00000000a1400000, 0x00000000a4180000, 0x00000000e0700000)
  object space 46592K, 20% used [0x00000000a1400000,0x00000000a1d2f690,0x00000000a4180000)
 Metaspace       used 27027K, capacity 28008K, committed 28208K, reserved 1073152K
  class space    used 3523K, capacity 3764K, committed 3888K, reserved 1048576K
GC Heap History (10 events):
Event: 2.231 GC heap before
{Heap before GC invocations=4 (full 0):
 PSYoungGen      total 28672K, used 28593K [0x00000000e0700000, 0x00000000e3f00000, 0x0000000100000000)
  eden space 24576K, 99% used [0x00000000e0700000,0x00000000e1ef3310,0x00000000e1f00000)
  from space 4096K, 99% used [0x00000000e1f00000,0x00000000e22f9360,0x00000000e2300000)
  to   space 4096K, 0% used [0x00000000e3b00000,0x00000000e3b00000,0x00000000e3f00000)
 ParOldGen       total 65536K, used 1329K [0x00000000a1400000, 0x00000000a5400000, 0x00000000e0700000)
  object space 65536K, 2% used [0x00000000a1400000,0x00000000a154c540,0x00000000a5400000)
 Metaspace       used 13923K, capacity 14258K, committed 14592K, reserved 1062912K
  class space    used 1663K, capacity 1776K, committed 1792K, reserved 1048576K
Event: 2.243 GC heap after
Heap after GC invocations=4 (full 0):
 PSYoungGen      total 53248K, used 4064K [0x00000000e0700000, 0x00000000e3f00000, 0x0000000100000000)
  eden space 49152K, 0% used [0x00000000e0700000,0x00000000e0700000,0x00000000e3700000)
  from space 4096K, 99% used [0x00000000e3b00000,0x00000000e3ef82d0,0x00000000e3f00000)
  to   space 4096K, 0% used [0x00000000e3700000,0x00000000e3700000,0x00000000e3b00000)
 ParOldGen       total 65536K, used 4782K [0x00000000a1400000, 0x00000000a5400000, 0x00000000e0700000)
  object space 65536K, 7% used [0x00000000a1400000,0x00000000a18ab928,0x00000000a5400000)
 Metaspace       used 13923K, capacity 14258K, committed 14592K, reserved 1062912K
  class space    used 1663K, capacity 1776K, committed 1792K, reserved 1048576K
}
Event: 2.850 GC heap before
{Heap before GC invocations=5 (full 0):
 PSYoungGen      total 53248K, used 53216K [0x00000000e0700000, 0x00000000e3f00000, 0x0000000100000000)
  eden space 49152K, 100% used [0x00000000e0700000,0x00000000e3700000,0x00000000e3700000)
  from space 4096K, 99% used [0x00000000e3b00000,0x00000000e3ef82d0,0x00000000e3f00000)
  to   space 4096K, 0% used [0x00000000e3700000,0x00000000e3700000,0x00000000e3b00000)
 ParOldGen       total 65536K, used 4782K [0x00000000a1400000, 0x00000000a5400000, 0x00000000e0700000)
  object space 65536K, 7% used [0x00000000a1400000,0x00000000a18ab928,0x00000000a5400000)
 Metaspace       used 17884K, capacity 18468K, committed 18688K, reserved 1064960K
  class space    used 2341K, capacity 2480K, committed 2560K, reserved 1048576K
Event: 2.874 GC heap after
Heap after GC invocations=5 (full 0):
 PSYoungGen      total 53248K, used 4072K [0x00000000e0700000, 0x00000000e7a00000, 0x0000000100000000)
  eden space 49152K, 0% used [0x00000000e0700000,0x00000000e0700000,0x00000000e3700000)
  from space 4096K, 99% used [0x00000000e3700000,0x00000000e3afa150,0x00000000e3b00000)
  to   space 9728K, 0% used [0x00000000e7080000,0x00000000e7080000,0x00000000e7a00000)
 ParOldGen       total 65536K, used 9013K [0x00000000a1400000, 0x00000000a5400000, 0x00000000e0700000)
  object space 65536K, 13% used [0x00000000a1400000,0x00000000a1ccd770,0x00000000a5400000)
 Metaspace       used 17884K, capacity 18468K, committed 18688K, reserved 1064960K
  class space    used 2341K, capacity 2480K, committed 2560K, reserved 1048576K
}
Event: 3.088 GC heap before
{Heap before GC invocations=6 (full 0):
 PSYoungGen      total 53248K, used 28860K [0x00000000e0700000, 0x00000000e7a00000, 0x0000000100000000)
  eden space 49152K, 50% used [0x00000000e0700000,0x00000000e1f35268,0x00000000e3700000)
  from space 4096K, 99% used [0x00000000e3700000,0x00000000e3afa150,0x00000000e3b00000)
  to   space 9728K, 0% used [0x00000000e7080000,0x00000000e7080000,0x00000000e7a00000)
 ParOldGen       total 65536K, used 9013K [0x00000000a1400000, 0x00000000a5400000, 0x00000000e0700000)
  object space 65536K, 13% used [0x00000000a1400000,0x00000000a1ccd770,0x00000000a5400000)
 Metaspace       used 20634K, capacity 21254K, committed 21296K, reserved 1067008K
  class space    used 2683K, capacity 2849K, committed 2864K, reserved 1048576K
Event: 3.099 GC heap after
Heap after GC invocations=6 (full 0):
 PSYoungGen      total 107520K, used 7012K [0x00000000e0700000, 0x00000000e7b00000, 0x0000000100000000)
  eden space 97792K, 0% used [0x00000000e0700000,0x00000000e0700000,0x00000000e6680000)
  from space 9728K, 72% used [0x00000000e7080000,0x00000000e7759188,0x00000000e7a00000)
  to   space 10240K, 0% used [0x00000000e6680000,0x00000000e6680000,0x00000000e7080000)
 ParOldGen       total 65536K, used 9021K [0x00000000a1400000, 0x00000000a5400000, 0x00000000e0700000)
  object space 65536K, 13% used [0x00000000a1400000,0x00000000a1ccf770,0x00000000a5400000)
 Metaspace       used 20634K, capacity 21254K, committed 21296K, reserved 1067008K
  class space    used 2683K, capacity 2849K, committed 2864K, reserved 1048576K
}
Event: 3.099 GC heap before
{Heap before GC invocations=7 (full 1):
 PSYoungGen      total 107520K, used 7012K [0x00000000e0700000, 0x00000000e7b00000, 0x0000000100000000)
  eden space 97792K, 0% used [0x00000000e0700000,0x00000000e0700000,0x00000000e6680000)
  from space 9728K, 72% used [0x00000000e7080000,0x00000000e7759188,0x00000000e7a00000)
  to   space 10240K, 0% used [0x00000000e6680000,0x00000000e6680000,0x00000000e7080000)
 ParOldGen       total 65536K, used 9021K [0x00000000a1400000, 0x00000000a5400000, 0x00000000e0700000)
  object space 65536K, 13% used [0x00000000a1400000,0x00000000a1ccf770,0x00000000a5400000)
 Metaspace       used 20634K, capacity 21254K, committed 21296K, reserved 1067008K
  class space    used 2683K, capacity 2849K, committed 2864K, reserved 1048576K
Event: 3.148 GC heap after
Heap after GC invocations=7 (full 1):
 PSYoungGen      total 107520K, used 0K [0x00000000e0700000, 0x00000000e7b00000, 0x0000000100000000)
  eden space 97792K, 0% used [0x00000000e0700000,0x00000000e0700000,0x00000000e6680000)
  from space 9728K, 0% used [0x00000000e7080000,0x00000000e7080000,0x00000000e7a00000)
  to   space 10240K, 0% used [0x00000000e6680000,0x00000000e6680000,0x00000000e7080000)
 ParOldGen       total 46592K, used 9397K [0x00000000a1400000, 0x00000000a4180000, 0x00000000e0700000)
  object space 46592K, 20% used [0x00000000a1400000,0x00000000a1d2d690,0x00000000a4180000)
 Metaspace       used 20634K, capacity 21254K, committed 21296K, reserved 1067008K
  class space    used 2683K, capacity 2849K, committed 2864K, reserved 1048576K
}
Event: 4.125 GC heap before
{Heap before GC invocations=8 (full 1):
 PSYoungGen      total 107520K, used 97792K [0x00000000e0700000, 0x00000000e7b00000, 0x0000000100000000)
  eden space 97792K, 100% used [0x00000000e0700000,0x00000000e6680000,0x00000000e6680000)
  from space 9728K, 0% used [0x00000000e7080000,0x00000000e7080000,0x00000000e7a00000)
  to   space 10240K, 0% used [0x00000000e6680000,0x00000000e6680000,0x00000000e7080000)
 ParOldGen       total 46592K, used 9397K [0x00000000a1400000, 0x00000000a4180000, 0x00000000e0700000)
  object space 46592K, 20% used [0x00000000a1400000,0x00000000a1d2d690,0x00000000a4180000)
 Metaspace       used 26531K, capacity 27548K, committed 27824K, reserved 1073152K
  class space    used 3466K, capacity 3722K, committed 3760K, reserved 1048576K
Event: 4.138 GC heap after
Heap after GC invocations=8 (full 1):
 PSYoungGen      total 108032K, used 7272K [0x00000000e0700000, 0x00000000e7b00000, 0x0000000100000000)
  eden space 97792K, 0% used [0x00000000e0700000,0x00000000e0700000,0x00000000e6680000)
  from space 10240K, 71% used [0x00000000e6680000,0x00000000e6d9a3d8,0x00000000e7080000)
  to   space 9728K, 0% used [0x00000000e7080000,0x00000000e7080000,0x00000000e7a00000)
 ParOldGen       total 46592K, used 9405K [0x00000000a1400000, 0x00000000a4180000, 0x00000000e0700000)
  object space 46592K, 20% used [0x00000000a1400000,0x00000000a1d2f690,0x00000000a4180000)
 Metaspace       used 26531K, capacity 27548K, committed 27824K, reserved 1073152K
  class space    used 3466K, capacity 3722K, committed 3760K, reserved 1048576K
}

